org.dom4j.DocumentException: Error on line 15 of document  : 元素类型 "trans" 必须由匹配的结束标记 "</trans>" 终止。 Nested exception: 元素类型 "trans" 必须由匹配的结束标记 "</trans>" 终止。
	at org.dom4j.io.SAXReader.read(SAXReader.java:355)
	at org.dom4j.io.SAXReader.read(SAXReader.java:219)
	at tool.WordStringGenerator.parseXml(WordStringGenerator.java:35)
	at mysrc.Target.getLab(Target.java:72)
	at mysrc.Target.<init>(Target.java:52)
	at mysrc.TargetGenerator.run(TargetGenerator.java:32)
Nested exception: 
org.xml.sax.SAXParseException; lineNumber: 15; columnNumber: 39; 元素类型 "trans" 必须由匹配的结束标记 "</trans>" 终止。
	at com.sun.org.apache.xerces.internal.util.ErrorHandlerWrapper.createSAXParseException(Unknown Source)
	at com.sun.org.apache.xerces.internal.util.ErrorHandlerWrapper.fatalError(Unknown Source)
	at com.sun.org.apache.xerces.internal.impl.XMLErrorReporter.reportError(Unknown Source)
	at com.sun.org.apache.xerces.internal.impl.XMLErrorReporter.reportError(Unknown Source)
	at com.sun.org.apache.xerces.internal.impl.XMLScanner.reportFatalError(Unknown Source)
	at com.sun.org.apache.xerces.internal.impl.XMLDocumentFragmentScannerImpl.scanEndElement(Unknown Source)
	at com.sun.org.apache.xerces.internal.impl.XMLDocumentFragmentScannerImpl$FragmentContentDriver.next(Unknown Source)
	at com.sun.org.apache.xerces.internal.impl.XMLDocumentScannerImpl.next(Unknown Source)
	at com.sun.org.apache.xerces.internal.impl.XMLNSDocumentScannerImpl.next(Unknown Source)
	at com.sun.org.apache.xerces.internal.impl.XMLDocumentFragmentScannerImpl.scanDocument(Unknown Source)
	at com.sun.org.apache.xerces.internal.parsers.XML11Configuration.parse(Unknown Source)
	at com.sun.org.apache.xerces.internal.parsers.XML11Configuration.parse(Unknown Source)
	at com.sun.org.apache.xerces.internal.parsers.XMLParser.parse(Unknown Source)
	at com.sun.org.apache.xerces.internal.parsers.AbstractSAXParser.parse(Unknown Source)
	at com.sun.org.apache.xerces.internal.jaxp.SAXParserImpl$JAXPSAXParser.parse(Unknown Source)
	at org.dom4j.io.SAXReader.read(SAXReader.java:339)
	at org.dom4j.io.SAXReader.read(SAXReader.java:219)
	at tool.WordStringGenerator.parseXml(WordStringGenerator.java:35)
	at mysrc.Target.getLab(Target.java:72)
	at mysrc.Target.<init>(Target.java:52)
	at mysrc.TargetGenerator.run(TargetGenerator.java:32)
Nested exception: org.xml.sax.SAXParseException; lineNumber: 15; columnNumber: 39; 元素类型 "trans" 必须由匹配的结束标记 "</trans>" 终止。
	at com.sun.org.apache.xerces.internal.util.ErrorHandlerWrapper.createSAXParseException(Unknown Source)
	at com.sun.org.apache.xerces.internal.util.ErrorHandlerWrapper.fatalError(Unknown Source)
	at com.sun.org.apache.xerces.internal.impl.XMLErrorReporter.reportError(Unknown Source)
	at com.sun.org.apache.xerces.internal.impl.XMLErrorReporter.reportError(Unknown Source)
	at com.sun.org.apache.xerces.internal.impl.XMLScanner.reportFatalError(Unknown Source)
	at com.sun.org.apache.xerces.internal.impl.XMLDocumentFragmentScannerImpl.scanEndElement(Unknown Source)
	at com.sun.org.apache.xerces.internal.impl.XMLDocumentFragmentScannerImpl$FragmentContentDriver.next(Unknown Source)
	at com.sun.org.apache.xerces.internal.impl.XMLDocumentScannerImpl.next(Unknown Source)
	at com.sun.org.apache.xerces.internal.impl.XMLNSDocumentScannerImpl.next(Unknown Source)
	at com.sun.org.apache.xerces.internal.impl.XMLDocumentFragmentScannerImpl.scanDocument(Unknown Source)
	at com.sun.org.apache.xerces.internal.parsers.XML11Configuration.parse(Unknown Source)
	at com.sun.org.apache.xerces.internal.parsers.XML11Configuration.parse(Unknown Source)
	at com.sun.org.apache.xerces.internal.parsers.XMLParser.parse(Unknown Source)
	at com.sun.org.apache.xerces.internal.parsers.AbstractSAXParser.parse(Unknown Source)
	at com.sun.org.apache.xerces.internal.jaxp.SAXParserImpl$JAXPSAXParser.parse(Unknown Source)
	at org.dom4j.io.SAXReader.read(SAXReader.java:339)
	at org.dom4j.io.SAXReader.read(SAXReader.java:219)
	at tool.WordStringGenerator.parseXml(WordStringGenerator.java:35)
	at mysrc.Target.getLab(Target.java:72)
	at mysrc.Target.<init>(Target.java:52)
	at mysrc.TargetGenerator.run(TargetGenerator.java:32)
java.lang.IndexOutOfBoundsException: Index: 363, Size: 0
	at java.util.ArrayList.rangeCheck(Unknown Source)
	at java.util.ArrayList.get(Unknown Source)
	at mysrc.Target.getLab(Target.java:72)
	at mysrc.Target.<init>(Target.java:52)
	at mysrc.TargetGenerator.run(TargetGenerator.java:32)
java.lang.NullPointerException
	at mysrc.Target.run(Target.java:103)
	at java.lang.Thread.run(Unknown Source)
org.dom4j.DocumentException: Error on line 15 of document  : 元素类型 "trans" 必须由匹配的结束标记 "</trans>" 终止。 Nested exception: 元素类型 "trans" 必须由匹配的结束标记 "</trans>" 终止。
	at org.dom4j.io.SAXReader.read(SAXReader.java:355)
	at org.dom4j.io.SAXReader.read(SAXReader.java:219)
	at tool.WordStringGenerator.parseXml(WordStringGenerator.java:35)
	at mysrc.Target.getLab(Target.java:72)
	at mysrc.Target.<init>(Target.java:52)
	at mysrc.TargetGenerator.run(TargetGenerator.java:32)
Nested exception: 
org.xml.sax.SAXParseException; lineNumber: 15; columnNumber: 39; 元素类型 "trans" 必须由匹配的结束标记 "</trans>" 终止。
	at com.sun.org.apache.xerces.internal.util.ErrorHandlerWrapper.createSAXParseException(Unknown Source)
	at com.sun.org.apache.xerces.internal.util.ErrorHandlerWrapper.fatalError(Unknown Source)
	at com.sun.org.apache.xerces.internal.impl.XMLErrorReporter.reportError(Unknown Source)
	at com.sun.org.apache.xerces.internal.impl.XMLErrorReporter.reportError(Unknown Source)
	at com.sun.org.apache.xerces.internal.impl.XMLScanner.reportFatalError(Unknown Source)
	at com.sun.org.apache.xerces.internal.impl.XMLDocumentFragmentScannerImpl.scanEndElement(Unknown Source)
	at com.sun.org.apache.xerces.internal.impl.XMLDocumentFragmentScannerImpl$FragmentContentDriver.next(Unknown Source)
	at com.sun.org.apache.xerces.internal.impl.XMLDocumentScannerImpl.next(Unknown Source)
	at com.sun.org.apache.xerces.internal.impl.XMLNSDocumentScannerImpl.next(Unknown Source)
	at com.sun.org.apache.xerces.internal.impl.XMLDocumentFragmentScannerImpl.scanDocument(Unknown Source)
	at com.sun.org.apache.xerces.internal.parsers.XML11Configuration.parse(Unknown Source)
	at com.sun.org.apache.xerces.internal.parsers.XML11Configuration.parse(Unknown Source)
	at com.sun.org.apache.xerces.internal.parsers.XMLParser.parse(Unknown Source)
	at com.sun.org.apache.xerces.internal.parsers.AbstractSAXParser.parse(Unknown Source)
	at com.sun.org.apache.xerces.internal.jaxp.SAXParserImpl$JAXPSAXParser.parse(Unknown Source)
	at org.dom4j.io.SAXReader.read(SAXReader.java:339)
	at org.dom4j.io.SAXReader.read(SAXReader.java:219)
	at tool.WordStringGenerator.parseXml(WordStringGenerator.java:35)
	at mysrc.Target.getLab(Target.java:72)
	at mysrc.Target.<init>(Target.java:52)
	at mysrc.TargetGenerator.run(TargetGenerator.java:32)
Nested exception: org.xml.sax.SAXParseException; lineNumber: 15; columnNumber: 39; 元素类型 "trans" 必须由匹配的结束标记 "</trans>" 终止。
	at com.sun.org.apache.xerces.internal.util.ErrorHandlerWrapper.createSAXParseException(Unknown Source)
	at com.sun.org.apache.xerces.internal.util.ErrorHandlerWrapper.fatalError(Unknown Source)
	at com.sun.org.apache.xerces.internal.impl.XMLErrorReporter.reportError(Unknown Source)
	at com.sun.org.apache.xerces.internal.impl.XMLErrorReporter.reportError(Unknown Source)
	at com.sun.org.apache.xerces.internal.impl.XMLScanner.reportFatalError(Unknown Source)
	at com.sun.org.apache.xerces.internal.impl.XMLDocumentFragmentScannerImpl.scanEndElement(Unknown Source)
	at com.sun.org.apache.xerces.internal.impl.XMLDocumentFragmentScannerImpl$FragmentContentDriver.next(Unknown Source)
	at com.sun.org.apache.xerces.internal.impl.XMLDocumentScannerImpl.next(Unknown Source)
	at com.sun.org.apache.xerces.internal.impl.XMLNSDocumentScannerImpl.next(Unknown Source)
	at com.sun.org.apache.xerces.internal.impl.XMLDocumentFragmentScannerImpl.scanDocument(Unknown Source)
	at com.sun.org.apache.xerces.internal.parsers.XML11Configuration.parse(Unknown Source)
	at com.sun.org.apache.xerces.internal.parsers.XML11Configuration.parse(Unknown Source)
	at com.sun.org.apache.xerces.internal.parsers.XMLParser.parse(Unknown Source)
	at com.sun.org.apache.xerces.internal.parsers.AbstractSAXParser.parse(Unknown Source)
	at com.sun.org.apache.xerces.internal.jaxp.SAXParserImpl$JAXPSAXParser.parse(Unknown Source)
	at org.dom4j.io.SAXReader.read(SAXReader.java:339)
	at org.dom4j.io.SAXReader.read(SAXReader.java:219)
	at tool.WordStringGenerator.parseXml(WordStringGenerator.java:35)
	at mysrc.Target.getLab(Target.java:72)
	at mysrc.Target.<init>(Target.java:52)
	at mysrc.TargetGenerator.run(TargetGenerator.java:32)
java.lang.IndexOutOfBoundsException: Index: 495, Size: 0
	at java.util.ArrayList.rangeCheck(Unknown Source)
	at java.util.ArrayList.get(Unknown Source)
	at mysrc.Target.getLab(Target.java:72)
	at mysrc.Target.<init>(Target.java:52)
	at mysrc.TargetGenerator.run(TargetGenerator.java:32)
java.lang.NullPointerException
	at mysrc.Target.run(Target.java:103)
	at java.lang.Thread.run(Unknown Source)
org.dom4j.DocumentException: Error on line 15 of document  : 元素类型 "trans" 必须由匹配的结束标记 "</trans>" 终止。 Nested exception: 元素类型 "trans" 必须由匹配的结束标记 "</trans>" 终止。
	at org.dom4j.io.SAXReader.read(SAXReader.java:355)
	at org.dom4j.io.SAXReader.read(SAXReader.java:219)
	at tool.WordStringGenerator.parseXml(WordStringGenerator.java:35)
	at mysrc.Target.getLab(Target.java:72)
	at mysrc.Target.<init>(Target.java:52)
	at mysrc.TargetGenerator.run(TargetGenerator.java:32)
Nested exception: 
org.xml.sax.SAXParseException; lineNumber: 15; columnNumber: 39; 元素类型 "trans" 必须由匹配的结束标记 "</trans>" 终止。
	at com.sun.org.apache.xerces.internal.util.ErrorHandlerWrapper.createSAXParseException(Unknown Source)
	at com.sun.org.apache.xerces.internal.util.ErrorHandlerWrapper.fatalError(Unknown Source)
	at com.sun.org.apache.xerces.internal.impl.XMLErrorReporter.reportError(Unknown Source)
	at com.sun.org.apache.xerces.internal.impl.XMLErrorReporter.reportError(Unknown Source)
	at com.sun.org.apache.xerces.internal.impl.XMLScanner.reportFatalError(Unknown Source)
	at com.sun.org.apache.xerces.internal.impl.XMLDocumentFragmentScannerImpl.scanEndElement(Unknown Source)
	at com.sun.org.apache.xerces.internal.impl.XMLDocumentFragmentScannerImpl$FragmentContentDriver.next(Unknown Source)
	at com.sun.org.apache.xerces.internal.impl.XMLDocumentScannerImpl.next(Unknown Source)
	at com.sun.org.apache.xerces.internal.impl.XMLNSDocumentScannerImpl.next(Unknown Source)
	at com.sun.org.apache.xerces.internal.impl.XMLDocumentFragmentScannerImpl.scanDocument(Unknown Source)
	at com.sun.org.apache.xerces.internal.parsers.XML11Configuration.parse(Unknown Source)
	at com.sun.org.apache.xerces.internal.parsers.XML11Configuration.parse(Unknown Source)
	at com.sun.org.apache.xerces.internal.parsers.XMLParser.parse(Unknown Source)
	at com.sun.org.apache.xerces.internal.parsers.AbstractSAXParser.parse(Unknown Source)
	at com.sun.org.apache.xerces.internal.jaxp.SAXParserImpl$JAXPSAXParser.parse(Unknown Source)
	at org.dom4j.io.SAXReader.read(SAXReader.java:339)
	at org.dom4j.io.SAXReader.read(SAXReader.java:219)
	at tool.WordStringGenerator.parseXml(WordStringGenerator.java:35)
	at mysrc.Target.getLab(Target.java:72)
	at mysrc.Target.<init>(Target.java:52)
	at mysrc.TargetGenerator.run(TargetGenerator.java:32)
Nested exception: org.xml.sax.SAXParseException; lineNumber: 15; columnNumber: 39; 元素类型 "trans" 必须由匹配的结束标记 "</trans>" 终止。
	at com.sun.org.apache.xerces.internal.util.ErrorHandlerWrapper.createSAXParseException(Unknown Source)
	at com.sun.org.apache.xerces.internal.util.ErrorHandlerWrapper.fatalError(Unknown Source)
	at com.sun.org.apache.xerces.internal.impl.XMLErrorReporter.reportError(Unknown Source)
	at com.sun.org.apache.xerces.internal.impl.XMLErrorReporter.reportError(Unknown Source)
	at com.sun.org.apache.xerces.internal.impl.XMLScanner.reportFatalError(Unknown Source)
	at com.sun.org.apache.xerces.internal.impl.XMLDocumentFragmentScannerImpl.scanEndElement(Unknown Source)
	at com.sun.org.apache.xerces.internal.impl.XMLDocumentFragmentScannerImpl$FragmentContentDriver.next(Unknown Source)
	at com.sun.org.apache.xerces.internal.impl.XMLDocumentScannerImpl.next(Unknown Source)
	at com.sun.org.apache.xerces.internal.impl.XMLNSDocumentScannerImpl.next(Unknown Source)
	at com.sun.org.apache.xerces.internal.impl.XMLDocumentFragmentScannerImpl.scanDocument(Unknown Source)
	at com.sun.org.apache.xerces.internal.parsers.XML11Configuration.parse(Unknown Source)
	at com.sun.org.apache.xerces.internal.parsers.XML11Configuration.parse(Unknown Source)
	at com.sun.org.apache.xerces.internal.parsers.XMLParser.parse(Unknown Source)
	at com.sun.org.apache.xerces.internal.parsers.AbstractSAXParser.parse(Unknown Source)
	at com.sun.org.apache.xerces.internal.jaxp.SAXParserImpl$JAXPSAXParser.parse(Unknown Source)
	at org.dom4j.io.SAXReader.read(SAXReader.java:339)
	at org.dom4j.io.SAXReader.read(SAXReader.java:219)
	at tool.WordStringGenerator.parseXml(WordStringGenerator.java:35)
	at mysrc.Target.getLab(Target.java:72)
	at mysrc.Target.<init>(Target.java:52)
	at mysrc.TargetGenerator.run(TargetGenerator.java:32)
java.lang.IndexOutOfBoundsException: Index: 201, Size: 0
	at java.util.ArrayList.rangeCheck(Unknown Source)
	at java.util.ArrayList.get(Unknown Source)
	at mysrc.Target.getLab(Target.java:72)
	at mysrc.Target.<init>(Target.java:52)
	at mysrc.TargetGenerator.run(TargetGenerator.java:32)
java.lang.NullPointerException
	at mysrc.Target.run(Target.java:103)
	at java.lang.Thread.run(Unknown Source)
org.dom4j.DocumentException: Error on line 15 of document  : 元素类型 "trans" 必须由匹配的结束标记 "</trans>" 终止。 Nested exception: 元素类型 "trans" 必须由匹配的结束标记 "</trans>" 终止。
	at org.dom4j.io.SAXReader.read(SAXReader.java:355)
	at org.dom4j.io.SAXReader.read(SAXReader.java:219)
	at tool.WordStringGenerator.parseXml(WordStringGenerator.java:35)
	at mysrc.Target.getLab(Target.java:72)
	at mysrc.Target.<init>(Target.java:52)
	at mysrc.TargetGenerator.run(TargetGenerator.java:32)
Nested exception: 
org.xml.sax.SAXParseException; lineNumber: 15; columnNumber: 39; 元素类型 "trans" 必须由匹配的结束标记 "</trans>" 终止。
	at com.sun.org.apache.xerces.internal.util.ErrorHandlerWrapper.createSAXParseException(Unknown Source)
	at com.sun.org.apache.xerces.internal.util.ErrorHandlerWrapper.fatalError(Unknown Source)
	at com.sun.org.apache.xerces.internal.impl.XMLErrorReporter.reportError(Unknown Source)
	at com.sun.org.apache.xerces.internal.impl.XMLErrorReporter.reportError(Unknown Source)
	at com.sun.org.apache.xerces.internal.impl.XMLScanner.reportFatalError(Unknown Source)
	at com.sun.org.apache.xerces.internal.impl.XMLDocumentFragmentScannerImpl.scanEndElement(Unknown Source)
	at com.sun.org.apache.xerces.internal.impl.XMLDocumentFragmentScannerImpl$FragmentContentDriver.next(Unknown Source)
	at com.sun.org.apache.xerces.internal.impl.XMLDocumentScannerImpl.next(Unknown Source)
	at com.sun.org.apache.xerces.internal.impl.XMLNSDocumentScannerImpl.next(Unknown Source)
	at com.sun.org.apache.xerces.internal.impl.XMLDocumentFragmentScannerImpl.scanDocument(Unknown Source)
	at com.sun.org.apache.xerces.internal.parsers.XML11Configuration.parse(Unknown Source)
	at com.sun.org.apache.xerces.internal.parsers.XML11Configuration.parse(Unknown Source)
	at com.sun.org.apache.xerces.internal.parsers.XMLParser.parse(Unknown Source)
	at com.sun.org.apache.xerces.internal.parsers.AbstractSAXParser.parse(Unknown Source)
	at com.sun.org.apache.xerces.internal.jaxp.SAXParserImpl$JAXPSAXParser.parse(Unknown Source)
	at org.dom4j.io.SAXReader.read(SAXReader.java:339)
	at org.dom4j.io.SAXReader.read(SAXReader.java:219)
	at tool.WordStringGenerator.parseXml(WordStringGenerator.java:35)
	at mysrc.Target.getLab(Target.java:72)
	at mysrc.Target.<init>(Target.java:52)
	at mysrc.TargetGenerator.run(TargetGenerator.java:32)
Nested exception: org.xml.sax.SAXParseException; lineNumber: 15; columnNumber: 39; 元素类型 "trans" 必须由匹配的结束标记 "</trans>" 终止。
	at com.sun.org.apache.xerces.internal.util.ErrorHandlerWrapper.createSAXParseException(Unknown Source)
	at com.sun.org.apache.xerces.internal.util.ErrorHandlerWrapper.fatalError(Unknown Source)
	at com.sun.org.apache.xerces.internal.impl.XMLErrorReporter.reportError(Unknown Source)
	at com.sun.org.apache.xerces.internal.impl.XMLErrorReporter.reportError(Unknown Source)
	at com.sun.org.apache.xerces.internal.impl.XMLScanner.reportFatalError(Unknown Source)
	at com.sun.org.apache.xerces.internal.impl.XMLDocumentFragmentScannerImpl.scanEndElement(Unknown Source)
	at com.sun.org.apache.xerces.internal.impl.XMLDocumentFragmentScannerImpl$FragmentContentDriver.next(Unknown Source)
	at com.sun.org.apache.xerces.internal.impl.XMLDocumentScannerImpl.next(Unknown Source)
	at com.sun.org.apache.xerces.internal.impl.XMLNSDocumentScannerImpl.next(Unknown Source)
	at com.sun.org.apache.xerces.internal.impl.XMLDocumentFragmentScannerImpl.scanDocument(Unknown Source)
	at com.sun.org.apache.xerces.internal.parsers.XML11Configuration.parse(Unknown Source)
	at com.sun.org.apache.xerces.internal.parsers.XML11Configuration.parse(Unknown Source)
	at com.sun.org.apache.xerces.internal.parsers.XMLParser.parse(Unknown Source)
	at com.sun.org.apache.xerces.internal.parsers.AbstractSAXParser.parse(Unknown Source)
	at com.sun.org.apache.xerces.internal.jaxp.SAXParserImpl$JAXPSAXParser.parse(Unknown Source)
	at org.dom4j.io.SAXReader.read(SAXReader.java:339)
	at org.dom4j.io.SAXReader.read(SAXReader.java:219)
	at tool.WordStringGenerator.parseXml(WordStringGenerator.java:35)
	at mysrc.Target.getLab(Target.java:72)
	at mysrc.Target.<init>(Target.java:52)
	at mysrc.TargetGenerator.run(TargetGenerator.java:32)
java.lang.IndexOutOfBoundsException: Index: 167, Size: 0
	at java.util.ArrayList.rangeCheck(Unknown Source)
	at java.util.ArrayList.get(Unknown Source)
	at mysrc.Target.getLab(Target.java:72)
	at mysrc.Target.<init>(Target.java:52)
	at mysrc.TargetGenerator.run(TargetGenerator.java:32)
java.lang.NullPointerException
	at mysrc.Target.run(Target.java:103)
	at java.lang.Thread.run(Unknown Source)
org.dom4j.DocumentException: Error on line 15 of document  : 元素类型 "trans" 必须由匹配的结束标记 "</trans>" 终止。 Nested exception: 元素类型 "trans" 必须由匹配的结束标记 "</trans>" 终止。
	at org.dom4j.io.SAXReader.read(SAXReader.java:355)
	at org.dom4j.io.SAXReader.read(SAXReader.java:219)
	at tool.WordStringGenerator.parseXml(WordStringGenerator.java:35)
	at mysrc.Target.getLab(Target.java:72)
	at mysrc.Target.<init>(Target.java:52)
	at mysrc.TargetGenerator.run(TargetGenerator.java:32)
Nested exception: 
org.xml.sax.SAXParseException; lineNumber: 15; columnNumber: 39; 元素类型 "trans" 必须由匹配的结束标记 "</trans>" 终止。
	at com.sun.org.apache.xerces.internal.util.ErrorHandlerWrapper.createSAXParseException(Unknown Source)
	at com.sun.org.apache.xerces.internal.util.ErrorHandlerWrapper.fatalError(Unknown Source)
	at com.sun.org.apache.xerces.internal.impl.XMLErrorReporter.reportError(Unknown Source)
	at com.sun.org.apache.xerces.internal.impl.XMLErrorReporter.reportError(Unknown Source)
	at com.sun.org.apache.xerces.internal.impl.XMLScanner.reportFatalError(Unknown Source)
	at com.sun.org.apache.xerces.internal.impl.XMLDocumentFragmentScannerImpl.scanEndElement(Unknown Source)
	at com.sun.org.apache.xerces.internal.impl.XMLDocumentFragmentScannerImpl$FragmentContentDriver.next(Unknown Source)
	at com.sun.org.apache.xerces.internal.impl.XMLDocumentScannerImpl.next(Unknown Source)
	at com.sun.org.apache.xerces.internal.impl.XMLNSDocumentScannerImpl.next(Unknown Source)
	at com.sun.org.apache.xerces.internal.impl.XMLDocumentFragmentScannerImpl.scanDocument(Unknown Source)
	at com.sun.org.apache.xerces.internal.parsers.XML11Configuration.parse(Unknown Source)
	at com.sun.org.apache.xerces.internal.parsers.XML11Configuration.parse(Unknown Source)
	at com.sun.org.apache.xerces.internal.parsers.XMLParser.parse(Unknown Source)
	at com.sun.org.apache.xerces.internal.parsers.AbstractSAXParser.parse(Unknown Source)
	at com.sun.org.apache.xerces.internal.jaxp.SAXParserImpl$JAXPSAXParser.parse(Unknown Source)
	at org.dom4j.io.SAXReader.read(SAXReader.java:339)
	at org.dom4j.io.SAXReader.read(SAXReader.java:219)
	at tool.WordStringGenerator.parseXml(WordStringGenerator.java:35)
	at mysrc.Target.getLab(Target.java:72)
	at mysrc.Target.<init>(Target.java:52)
	at mysrc.TargetGenerator.run(TargetGenerator.java:32)
Nested exception: org.xml.sax.SAXParseException; lineNumber: 15; columnNumber: 39; 元素类型 "trans" 必须由匹配的结束标记 "</trans>" 终止。
	at com.sun.org.apache.xerces.internal.util.ErrorHandlerWrapper.createSAXParseException(Unknown Source)
	at com.sun.org.apache.xerces.internal.util.ErrorHandlerWrapper.fatalError(Unknown Source)
	at com.sun.org.apache.xerces.internal.impl.XMLErrorReporter.reportError(Unknown Source)
	at com.sun.org.apache.xerces.internal.impl.XMLErrorReporter.reportError(Unknown Source)
	at com.sun.org.apache.xerces.internal.impl.XMLScanner.reportFatalError(Unknown Source)
	at com.sun.org.apache.xerces.internal.impl.XMLDocumentFragmentScannerImpl.scanEndElement(Unknown Source)
	at com.sun.org.apache.xerces.internal.impl.XMLDocumentFragmentScannerImpl$FragmentContentDriver.next(Unknown Source)
	at com.sun.org.apache.xerces.internal.impl.XMLDocumentScannerImpl.next(Unknown Source)
	at com.sun.org.apache.xerces.internal.impl.XMLNSDocumentScannerImpl.next(Unknown Source)
	at com.sun.org.apache.xerces.internal.impl.XMLDocumentFragmentScannerImpl.scanDocument(Unknown Source)
	at com.sun.org.apache.xerces.internal.parsers.XML11Configuration.parse(Unknown Source)
	at com.sun.org.apache.xerces.internal.parsers.XML11Configuration.parse(Unknown Source)
	at com.sun.org.apache.xerces.internal.parsers.XMLParser.parse(Unknown Source)
	at com.sun.org.apache.xerces.internal.parsers.AbstractSAXParser.parse(Unknown Source)
	at com.sun.org.apache.xerces.internal.jaxp.SAXParserImpl$JAXPSAXParser.parse(Unknown Source)
	at org.dom4j.io.SAXReader.read(SAXReader.java:339)
	at org.dom4j.io.SAXReader.read(SAXReader.java:219)
	at tool.WordStringGenerator.parseXml(WordStringGenerator.java:35)
	at mysrc.Target.getLab(Target.java:72)
	at mysrc.Target.<init>(Target.java:52)
	at mysrc.TargetGenerator.run(TargetGenerator.java:32)
java.lang.IndexOutOfBoundsException: Index: 97, Size: 0
	at java.util.ArrayList.rangeCheck(Unknown Source)
	at java.util.ArrayList.get(Unknown Source)
	at mysrc.Target.getLab(Target.java:72)
	at mysrc.Target.<init>(Target.java:52)
	at mysrc.TargetGenerator.run(TargetGenerator.java:32)
java.lang.NullPointerException
	at mysrc.Target.run(Target.java:103)
	at java.lang.Thread.run(Unknown Source)
org.dom4j.DocumentException: Error on line 15 of document  : 元素类型 "trans" 必须由匹配的结束标记 "</trans>" 终止。 Nested exception: 元素类型 "trans" 必须由匹配的结束标记 "</trans>" 终止。
	at org.dom4j.io.SAXReader.read(SAXReader.java:355)
	at org.dom4j.io.SAXReader.read(SAXReader.java:219)
	at tool.WordStringGenerator.parseXml(WordStringGenerator.java:35)
	at mysrc.Target.getLab(Target.java:72)
	at mysrc.Target.<init>(Target.java:52)
	at mysrc.TargetGenerator.run(TargetGenerator.java:32)
Nested exception: 
org.xml.sax.SAXParseException; lineNumber: 15; columnNumber: 39; 元素类型 "trans" 必须由匹配的结束标记 "</trans>" 终止。
	at com.sun.org.apache.xerces.internal.util.ErrorHandlerWrapper.createSAXParseException(Unknown Source)
	at com.sun.org.apache.xerces.internal.util.ErrorHandlerWrapper.fatalError(Unknown Source)
	at com.sun.org.apache.xerces.internal.impl.XMLErrorReporter.reportError(Unknown Source)
	at com.sun.org.apache.xerces.internal.impl.XMLErrorReporter.reportError(Unknown Source)
	at com.sun.org.apache.xerces.internal.impl.XMLScanner.reportFatalError(Unknown Source)
	at com.sun.org.apache.xerces.internal.impl.XMLDocumentFragmentScannerImpl.scanEndElement(Unknown Source)
	at com.sun.org.apache.xerces.internal.impl.XMLDocumentFragmentScannerImpl$FragmentContentDriver.next(Unknown Source)
	at com.sun.org.apache.xerces.internal.impl.XMLDocumentScannerImpl.next(Unknown Source)
	at com.sun.org.apache.xerces.internal.impl.XMLNSDocumentScannerImpl.next(Unknown Source)
	at com.sun.org.apache.xerces.internal.impl.XMLDocumentFragmentScannerImpl.scanDocument(Unknown Source)
	at com.sun.org.apache.xerces.internal.parsers.XML11Configuration.parse(Unknown Source)
	at com.sun.org.apache.xerces.internal.parsers.XML11Configuration.parse(Unknown Source)
	at com.sun.org.apache.xerces.internal.parsers.XMLParser.parse(Unknown Source)
	at com.sun.org.apache.xerces.internal.parsers.AbstractSAXParser.parse(Unknown Source)
	at com.sun.org.apache.xerces.internal.jaxp.SAXParserImpl$JAXPSAXParser.parse(Unknown Source)
	at org.dom4j.io.SAXReader.read(SAXReader.java:339)
	at org.dom4j.io.SAXReader.read(SAXReader.java:219)
	at tool.WordStringGenerator.parseXml(WordStringGenerator.java:35)
	at mysrc.Target.getLab(Target.java:72)
	at mysrc.Target.<init>(Target.java:52)
	at mysrc.TargetGenerator.run(TargetGenerator.java:32)
Nested exception: org.xml.sax.SAXParseException; lineNumber: 15; columnNumber: 39; 元素类型 "trans" 必须由匹配的结束标记 "</trans>" 终止。
	at com.sun.org.apache.xerces.internal.util.ErrorHandlerWrapper.createSAXParseException(Unknown Source)
	at com.sun.org.apache.xerces.internal.util.ErrorHandlerWrapper.fatalError(Unknown Source)
	at com.sun.org.apache.xerces.internal.impl.XMLErrorReporter.reportError(Unknown Source)
	at com.sun.org.apache.xerces.internal.impl.XMLErrorReporter.reportError(Unknown Source)
	at com.sun.org.apache.xerces.internal.impl.XMLScanner.reportFatalError(Unknown Source)
	at com.sun.org.apache.xerces.internal.impl.XMLDocumentFragmentScannerImpl.scanEndElement(Unknown Source)
	at com.sun.org.apache.xerces.internal.impl.XMLDocumentFragmentScannerImpl$FragmentContentDriver.next(Unknown Source)
	at com.sun.org.apache.xerces.internal.impl.XMLDocumentScannerImpl.next(Unknown Source)
	at com.sun.org.apache.xerces.internal.impl.XMLNSDocumentScannerImpl.next(Unknown Source)
	at com.sun.org.apache.xerces.internal.impl.XMLDocumentFragmentScannerImpl.scanDocument(Unknown Source)
	at com.sun.org.apache.xerces.internal.parsers.XML11Configuration.parse(Unknown Source)
	at com.sun.org.apache.xerces.internal.parsers.XML11Configuration.parse(Unknown Source)
	at com.sun.org.apache.xerces.internal.parsers.XMLParser.parse(Unknown Source)
	at com.sun.org.apache.xerces.internal.parsers.AbstractSAXParser.parse(Unknown Source)
	at com.sun.org.apache.xerces.internal.jaxp.SAXParserImpl$JAXPSAXParser.parse(Unknown Source)
	at org.dom4j.io.SAXReader.read(SAXReader.java:339)
	at org.dom4j.io.SAXReader.read(SAXReader.java:219)
	at tool.WordStringGenerator.parseXml(WordStringGenerator.java:35)
	at mysrc.Target.getLab(Target.java:72)
	at mysrc.Target.<init>(Target.java:52)
	at mysrc.TargetGenerator.run(TargetGenerator.java:32)
java.lang.IndexOutOfBoundsException: Index: 172, Size: 0
	at java.util.ArrayList.rangeCheck(Unknown Source)
	at java.util.ArrayList.get(Unknown Source)
	at mysrc.Target.getLab(Target.java:72)
	at mysrc.Target.<init>(Target.java:52)
	at mysrc.TargetGenerator.run(TargetGenerator.java:32)
java.lang.NullPointerException
	at mysrc.Target.run(Target.java:103)
	at java.lang.Thread.run(Unknown Source)
org.dom4j.DocumentException: Error on line 15 of document  : 元素类型 "trans" 必须由匹配的结束标记 "</trans>" 终止。 Nested exception: 元素类型 "trans" 必须由匹配的结束标记 "</trans>" 终止。
	at org.dom4j.io.SAXReader.read(SAXReader.java:355)
	at org.dom4j.io.SAXReader.read(SAXReader.java:219)
	at tool.WordStringGenerator.parseXml(WordStringGenerator.java:35)
	at mysrc.Target.getLab(Target.java:72)
	at mysrc.Target.<init>(Target.java:52)
	at mysrc.TargetGenerator.run(TargetGenerator.java:32)
Nested exception: 
org.xml.sax.SAXParseException; lineNumber: 15; columnNumber: 39; 元素类型 "trans" 必须由匹配的结束标记 "</trans>" 终止。
	at com.sun.org.apache.xerces.internal.util.ErrorHandlerWrapper.createSAXParseException(Unknown Source)
	at com.sun.org.apache.xerces.internal.util.ErrorHandlerWrapper.fatalError(Unknown Source)
	at com.sun.org.apache.xerces.internal.impl.XMLErrorReporter.reportError(Unknown Source)
	at com.sun.org.apache.xerces.internal.impl.XMLErrorReporter.reportError(Unknown Source)
	at com.sun.org.apache.xerces.internal.impl.XMLScanner.reportFatalError(Unknown Source)
	at com.sun.org.apache.xerces.internal.impl.XMLDocumentFragmentScannerImpl.scanEndElement(Unknown Source)
	at com.sun.org.apache.xerces.internal.impl.XMLDocumentFragmentScannerImpl$FragmentContentDriver.next(Unknown Source)
	at com.sun.org.apache.xerces.internal.impl.XMLDocumentScannerImpl.next(Unknown Source)
	at com.sun.org.apache.xerces.internal.impl.XMLNSDocumentScannerImpl.next(Unknown Source)
	at com.sun.org.apache.xerces.internal.impl.XMLDocumentFragmentScannerImpl.scanDocument(Unknown Source)
	at com.sun.org.apache.xerces.internal.parsers.XML11Configuration.parse(Unknown Source)
	at com.sun.org.apache.xerces.internal.parsers.XML11Configuration.parse(Unknown Source)
	at com.sun.org.apache.xerces.internal.parsers.XMLParser.parse(Unknown Source)
	at com.sun.org.apache.xerces.internal.parsers.AbstractSAXParser.parse(Unknown Source)
	at com.sun.org.apache.xerces.internal.jaxp.SAXParserImpl$JAXPSAXParser.parse(Unknown Source)
	at org.dom4j.io.SAXReader.read(SAXReader.java:339)
	at org.dom4j.io.SAXReader.read(SAXReader.java:219)
	at tool.WordStringGenerator.parseXml(WordStringGenerator.java:35)
	at mysrc.Target.getLab(Target.java:72)
	at mysrc.Target.<init>(Target.java:52)
	at mysrc.TargetGenerator.run(TargetGenerator.java:32)
Nested exception: org.xml.sax.SAXParseException; lineNumber: 15; columnNumber: 39; 元素类型 "trans" 必须由匹配的结束标记 "</trans>" 终止。
	at com.sun.org.apache.xerces.internal.util.ErrorHandlerWrapper.createSAXParseException(Unknown Source)
	at com.sun.org.apache.xerces.internal.util.ErrorHandlerWrapper.fatalError(Unknown Source)
	at com.sun.org.apache.xerces.internal.impl.XMLErrorReporter.reportError(Unknown Source)
	at com.sun.org.apache.xerces.internal.impl.XMLErrorReporter.reportError(Unknown Source)
	at com.sun.org.apache.xerces.internal.impl.XMLScanner.reportFatalError(Unknown Source)
	at com.sun.org.apache.xerces.internal.impl.XMLDocumentFragmentScannerImpl.scanEndElement(Unknown Source)
	at com.sun.org.apache.xerces.internal.impl.XMLDocumentFragmentScannerImpl$FragmentContentDriver.next(Unknown Source)
	at com.sun.org.apache.xerces.internal.impl.XMLDocumentScannerImpl.next(Unknown Source)
	at com.sun.org.apache.xerces.internal.impl.XMLNSDocumentScannerImpl.next(Unknown Source)
	at com.sun.org.apache.xerces.internal.impl.XMLDocumentFragmentScannerImpl.scanDocument(Unknown Source)
	at com.sun.org.apache.xerces.internal.parsers.XML11Configuration.parse(Unknown Source)
	at com.sun.org.apache.xerces.internal.parsers.XML11Configuration.parse(Unknown Source)
	at com.sun.org.apache.xerces.internal.parsers.XMLParser.parse(Unknown Source)
	at com.sun.org.apache.xerces.internal.parsers.AbstractSAXParser.parse(Unknown Source)
	at com.sun.org.apache.xerces.internal.jaxp.SAXParserImpl$JAXPSAXParser.parse(Unknown Source)
	at org.dom4j.io.SAXReader.read(SAXReader.java:339)
	at org.dom4j.io.SAXReader.read(SAXReader.java:219)
	at tool.WordStringGenerator.parseXml(WordStringGenerator.java:35)
	at mysrc.Target.getLab(Target.java:72)
	at mysrc.Target.<init>(Target.java:52)
	at mysrc.TargetGenerator.run(TargetGenerator.java:32)
java.lang.IndexOutOfBoundsException: Index: 88, Size: 0
	at java.util.ArrayList.rangeCheck(Unknown Source)
	at java.util.ArrayList.get(Unknown Source)
	at mysrc.Target.getLab(Target.java:72)
	at mysrc.Target.<init>(Target.java:52)
	at mysrc.TargetGenerator.run(TargetGenerator.java:32)
java.lang.NullPointerException
	at mysrc.Target.run(Target.java:103)
	at java.lang.Thread.run(Unknown Source)
org.dom4j.DocumentException: Error on line 15 of document  : 元素类型 "trans" 必须由匹配的结束标记 "</trans>" 终止。 Nested exception: 元素类型 "trans" 必须由匹配的结束标记 "</trans>" 终止。
	at org.dom4j.io.SAXReader.read(SAXReader.java:355)
	at org.dom4j.io.SAXReader.read(SAXReader.java:219)
	at tool.WordStringGenerator.parseXml(WordStringGenerator.java:35)
	at mysrc.Target.getLab(Target.java:72)
	at mysrc.Target.<init>(Target.java:52)
	at mysrc.TargetGenerator.run(TargetGenerator.java:32)
Nested exception: 
org.xml.sax.SAXParseException; lineNumber: 15; columnNumber: 39; 元素类型 "trans" 必须由匹配的结束标记 "</trans>" 终止。
	at com.sun.org.apache.xerces.internal.util.ErrorHandlerWrapper.createSAXParseException(Unknown Source)
	at com.sun.org.apache.xerces.internal.util.ErrorHandlerWrapper.fatalError(Unknown Source)
	at com.sun.org.apache.xerces.internal.impl.XMLErrorReporter.reportError(Unknown Source)
	at com.sun.org.apache.xerces.internal.impl.XMLErrorReporter.reportError(Unknown Source)
	at com.sun.org.apache.xerces.internal.impl.XMLScanner.reportFatalError(Unknown Source)
	at com.sun.org.apache.xerces.internal.impl.XMLDocumentFragmentScannerImpl.scanEndElement(Unknown Source)
	at com.sun.org.apache.xerces.internal.impl.XMLDocumentFragmentScannerImpl$FragmentContentDriver.next(Unknown Source)
	at com.sun.org.apache.xerces.internal.impl.XMLDocumentScannerImpl.next(Unknown Source)
	at com.sun.org.apache.xerces.internal.impl.XMLNSDocumentScannerImpl.next(Unknown Source)
	at com.sun.org.apache.xerces.internal.impl.XMLDocumentFragmentScannerImpl.scanDocument(Unknown Source)
	at com.sun.org.apache.xerces.internal.parsers.XML11Configuration.parse(Unknown Source)
	at com.sun.org.apache.xerces.internal.parsers.XML11Configuration.parse(Unknown Source)
	at com.sun.org.apache.xerces.internal.parsers.XMLParser.parse(Unknown Source)
	at com.sun.org.apache.xerces.internal.parsers.AbstractSAXParser.parse(Unknown Source)
	at com.sun.org.apache.xerces.internal.jaxp.SAXParserImpl$JAXPSAXParser.parse(Unknown Source)
	at org.dom4j.io.SAXReader.read(SAXReader.java:339)
	at org.dom4j.io.SAXReader.read(SAXReader.java:219)
	at tool.WordStringGenerator.parseXml(WordStringGenerator.java:35)
	at mysrc.Target.getLab(Target.java:72)
	at mysrc.Target.<init>(Target.java:52)
	at mysrc.TargetGenerator.run(TargetGenerator.java:32)
Nested exception: org.xml.sax.SAXParseException; lineNumber: 15; columnNumber: 39; 元素类型 "trans" 必须由匹配的结束标记 "</trans>" 终止。
	at com.sun.org.apache.xerces.internal.util.ErrorHandlerWrapper.createSAXParseException(Unknown Source)
	at com.sun.org.apache.xerces.internal.util.ErrorHandlerWrapper.fatalError(Unknown Source)
	at com.sun.org.apache.xerces.internal.impl.XMLErrorReporter.reportError(Unknown Source)
	at com.sun.org.apache.xerces.internal.impl.XMLErrorReporter.reportError(Unknown Source)
	at com.sun.org.apache.xerces.internal.impl.XMLScanner.reportFatalError(Unknown Source)
	at com.sun.org.apache.xerces.internal.impl.XMLDocumentFragmentScannerImpl.scanEndElement(Unknown Source)
	at com.sun.org.apache.xerces.internal.impl.XMLDocumentFragmentScannerImpl$FragmentContentDriver.next(Unknown Source)
	at com.sun.org.apache.xerces.internal.impl.XMLDocumentScannerImpl.next(Unknown Source)
	at com.sun.org.apache.xerces.internal.impl.XMLNSDocumentScannerImpl.next(Unknown Source)
	at com.sun.org.apache.xerces.internal.impl.XMLDocumentFragmentScannerImpl.scanDocument(Unknown Source)
	at com.sun.org.apache.xerces.internal.parsers.XML11Configuration.parse(Unknown Source)
	at com.sun.org.apache.xerces.internal.parsers.XML11Configuration.parse(Unknown Source)
	at com.sun.org.apache.xerces.internal.parsers.XMLParser.parse(Unknown Source)
	at com.sun.org.apache.xerces.internal.parsers.AbstractSAXParser.parse(Unknown Source)
	at com.sun.org.apache.xerces.internal.jaxp.SAXParserImpl$JAXPSAXParser.parse(Unknown Source)
	at org.dom4j.io.SAXReader.read(SAXReader.java:339)
	at org.dom4j.io.SAXReader.read(SAXReader.java:219)
	at tool.WordStringGenerator.parseXml(WordStringGenerator.java:35)
	at mysrc.Target.getLab(Target.java:72)
	at mysrc.Target.<init>(Target.java:52)
	at mysrc.TargetGenerator.run(TargetGenerator.java:32)
java.lang.IndexOutOfBoundsException: Index: 386, Size: 0
	at java.util.ArrayList.rangeCheck(Unknown Source)
	at java.util.ArrayList.get(Unknown Source)
	at mysrc.Target.getLab(Target.java:72)
	at mysrc.Target.<init>(Target.java:52)
	at mysrc.TargetGenerator.run(TargetGenerator.java:32)
java.lang.NullPointerException
	at mysrc.Target.run(Target.java:103)
	at java.lang.Thread.run(Unknown Source)
org.dom4j.DocumentException: Error on line 15 of document  : 元素类型 "trans" 必须由匹配的结束标记 "</trans>" 终止。 Nested exception: 元素类型 "trans" 必须由匹配的结束标记 "</trans>" 终止。
	at org.dom4j.io.SAXReader.read(SAXReader.java:355)
	at org.dom4j.io.SAXReader.read(SAXReader.java:219)
	at tool.WordStringGenerator.parseXml(WordStringGenerator.java:35)
	at mysrc.Target.getLab(Target.java:72)
	at mysrc.Target.<init>(Target.java:52)
	at mysrc.TargetGenerator.run(TargetGenerator.java:32)
Nested exception: 
org.xml.sax.SAXParseException; lineNumber: 15; columnNumber: 39; 元素类型 "trans" 必须由匹配的结束标记 "</trans>" 终止。
	at com.sun.org.apache.xerces.internal.util.ErrorHandlerWrapper.createSAXParseException(Unknown Source)
	at com.sun.org.apache.xerces.internal.util.ErrorHandlerWrapper.fatalError(Unknown Source)
	at com.sun.org.apache.xerces.internal.impl.XMLErrorReporter.reportError(Unknown Source)
	at com.sun.org.apache.xerces.internal.impl.XMLErrorReporter.reportError(Unknown Source)
	at com.sun.org.apache.xerces.internal.impl.XMLScanner.reportFatalError(Unknown Source)
	at com.sun.org.apache.xerces.internal.impl.XMLDocumentFragmentScannerImpl.scanEndElement(Unknown Source)
	at com.sun.org.apache.xerces.internal.impl.XMLDocumentFragmentScannerImpl$FragmentContentDriver.next(Unknown Source)
	at com.sun.org.apache.xerces.internal.impl.XMLDocumentScannerImpl.next(Unknown Source)
	at com.sun.org.apache.xerces.internal.impl.XMLNSDocumentScannerImpl.next(Unknown Source)
	at com.sun.org.apache.xerces.internal.impl.XMLDocumentFragmentScannerImpl.scanDocument(Unknown Source)
	at com.sun.org.apache.xerces.internal.parsers.XML11Configuration.parse(Unknown Source)
	at com.sun.org.apache.xerces.internal.parsers.XML11Configuration.parse(Unknown Source)
	at com.sun.org.apache.xerces.internal.parsers.XMLParser.parse(Unknown Source)
	at com.sun.org.apache.xerces.internal.parsers.AbstractSAXParser.parse(Unknown Source)
	at com.sun.org.apache.xerces.internal.jaxp.SAXParserImpl$JAXPSAXParser.parse(Unknown Source)
	at org.dom4j.io.SAXReader.read(SAXReader.java:339)
	at org.dom4j.io.SAXReader.read(SAXReader.java:219)
	at tool.WordStringGenerator.parseXml(WordStringGenerator.java:35)
	at mysrc.Target.getLab(Target.java:72)
	at mysrc.Target.<init>(Target.java:52)
	at mysrc.TargetGenerator.run(TargetGenerator.java:32)
Nested exception: org.xml.sax.SAXParseException; lineNumber: 15; columnNumber: 39; 元素类型 "trans" 必须由匹配的结束标记 "</trans>" 终止。
	at com.sun.org.apache.xerces.internal.util.ErrorHandlerWrapper.createSAXParseException(Unknown Source)
	at com.sun.org.apache.xerces.internal.util.ErrorHandlerWrapper.fatalError(Unknown Source)
	at com.sun.org.apache.xerces.internal.impl.XMLErrorReporter.reportError(Unknown Source)
	at com.sun.org.apache.xerces.internal.impl.XMLErrorReporter.reportError(Unknown Source)
	at com.sun.org.apache.xerces.internal.impl.XMLScanner.reportFatalError(Unknown Source)
	at com.sun.org.apache.xerces.internal.impl.XMLDocumentFragmentScannerImpl.scanEndElement(Unknown Source)
	at com.sun.org.apache.xerces.internal.impl.XMLDocumentFragmentScannerImpl$FragmentContentDriver.next(Unknown Source)
	at com.sun.org.apache.xerces.internal.impl.XMLDocumentScannerImpl.next(Unknown Source)
	at com.sun.org.apache.xerces.internal.impl.XMLNSDocumentScannerImpl.next(Unknown Source)
	at com.sun.org.apache.xerces.internal.impl.XMLDocumentFragmentScannerImpl.scanDocument(Unknown Source)
	at com.sun.org.apache.xerces.internal.parsers.XML11Configuration.parse(Unknown Source)
	at com.sun.org.apache.xerces.internal.parsers.XML11Configuration.parse(Unknown Source)
	at com.sun.org.apache.xerces.internal.parsers.XMLParser.parse(Unknown Source)
	at com.sun.org.apache.xerces.internal.parsers.AbstractSAXParser.parse(Unknown Source)
	at com.sun.org.apache.xerces.internal.jaxp.SAXParserImpl$JAXPSAXParser.parse(Unknown Source)
	at org.dom4j.io.SAXReader.read(SAXReader.java:339)
	at org.dom4j.io.SAXReader.read(SAXReader.java:219)
	at tool.WordStringGenerator.parseXml(WordStringGenerator.java:35)
	at mysrc.Target.getLab(Target.java:72)
	at mysrc.Target.<init>(Target.java:52)
	at mysrc.TargetGenerator.run(TargetGenerator.java:32)
java.lang.IndexOutOfBoundsException: Index: 207, Size: 0
	at java.util.ArrayList.rangeCheck(Unknown Source)
	at java.util.ArrayList.get(Unknown Source)
	at mysrc.Target.getLab(Target.java:72)
	at mysrc.Target.<init>(Target.java:52)
	at mysrc.TargetGenerator.run(TargetGenerator.java:32)
java.lang.NullPointerException
	at mysrc.Target.run(Target.java:103)
	at java.lang.Thread.run(Unknown Source)
